[debug] [2022-01-29T16:09:54.365Z] ----------------------------------------------------------------------
[debug] [2022-01-29T16:09:54.367Z] Command:       C:\Program Files\nodejs\node.exe C:\Users\karam\AppData\Roaming\npm\node_modules\firebase-tools\lib\bin\firebase.js emulators:start --only functions
[debug] [2022-01-29T16:09:54.368Z] CLI Version:   10.1.2
[debug] [2022-01-29T16:09:54.368Z] Platform:      win32
[debug] [2022-01-29T16:09:54.368Z] Node Version:  v16.13.0
[debug] [2022-01-29T16:09:54.374Z] Time:          Sat Jan 29 2022 19:09:54 GMT+0300 (GMT+03:00)
[debug] [2022-01-29T16:09:54.375Z] ----------------------------------------------------------------------
[debug] 
[debug] [2022-01-29T16:09:54.449Z] > command requires scopes: ["email","openid","https://www.googleapis.com/auth/cloudplatformprojects.readonly","https://www.googleapis.com/auth/firebase","https://www.googleapis.com/auth/cloud-platform"]
[debug] [2022-01-29T16:09:54.449Z] > authorizing via signed-in user (karamguliyev10@gmail.com)
[info] i  emulators: Starting emulators: functions {"metadata":{"emulator":{"name":"hub"},"message":"Starting emulators: functions"}}
[debug] [2022-01-29T16:09:54.473Z] [hub] writing locator at C:\Users\karam\AppData\Local\Temp\hub-ecom-53df9.json
[warn] !  functions: The following emulators are not running, calls to these services from the Functions emulator will affect production: auth, firestore, database, hosting, pubsub, storage {"metadata":{"emulator":{"name":"functions"},"message":"The following emulators are not running, calls to these services from the Functions emulator will affect production: \u001b[1mauth, firestore, database, hosting, pubsub, storage\u001b[22m"}}
[info] +  functions: Using node@16 from host. {"metadata":{"emulator":{"name":"functions"},"message":"Using node@16 from host."}}
[warn] !  Your requested "node" version "16" doesn't match your global version "16" {"metadata":{"emulator":{"name":"functions"},"message":"Your requested \"node\" version \"16\" doesn't match your global version \"16\""}}
[debug] [2022-01-29T16:09:54.515Z] defaultcredentials: writing to file C:\Users\karam\AppData\Roaming\firebase\karamguliyev10_gmail_com_application_default_credentials.json
[debug] [2022-01-29T16:09:54.517Z] Setting GAC to C:\Users\karam\AppData\Roaming\firebase\karamguliyev10_gmail_com_application_default_credentials.json {"metadata":{"emulator":{"name":"functions"},"message":"Setting GAC to C:\\Users\\karam\\AppData\\Roaming\\firebase\\karamguliyev10_gmail_com_application_default_credentials.json"}}
[debug] [2022-01-29T16:09:54.519Z] > refreshing access token with scopes: []
[debug] [2022-01-29T16:09:54.520Z] >>> HTTP REQUEST POST https://www.googleapis.com/oauth2/v3/token  
 <request body omitted>
[debug] [2022-01-29T16:09:54.847Z] <<< HTTP RESPONSE 200 {"date":"Sat, 29 Jan 2022 16:09:53 GMT","cache-control":"no-cache, no-store, max-age=0, must-revalidate","pragma":"no-cache","expires":"Mon, 01 Jan 1990 00:00:00 GMT","content-type":"application/json; charset=utf-8","vary":"X-Origin, Referer, Origin,Accept-Encoding","server":"scaffolding on HTTPServer2","x-xss-protection":"0","x-frame-options":"SAMEORIGIN","x-content-type-options":"nosniff","alt-svc":"h3=\":443\"; ma=2592000,h3-29=\":443\"; ma=2592000,h3-Q050=\":443\"; ma=2592000,h3-Q046=\":443\"; ma=2592000,h3-Q043=\":443\"; ma=2592000,quic=\":443\"; ma=2592000; v=\"46,43\"","accept-ranges":"none","transfer-encoding":"chunked"}
[debug] [2022-01-29T16:09:54.855Z] >>> [apiv2][query] GET https://firebase.googleapis.com/v1beta1/projects/ecom-53df9/adminSdkConfig [none]
[debug] [2022-01-29T16:09:55.267Z] <<< [apiv2][status] GET https://firebase.googleapis.com/v1beta1/projects/ecom-53df9/adminSdkConfig 200
[debug] [2022-01-29T16:09:55.267Z] <<< [apiv2][body] GET https://firebase.googleapis.com/v1beta1/projects/ecom-53df9/adminSdkConfig {"projectId":"ecom-53df9","storageBucket":"ecom-53df9.appspot.com","locationId":"us-central"}
[debug] [2022-01-29T16:09:55.297Z] Ignoring unsupported arg: auto_download {"metadata":{"emulator":{"name":"ui"},"message":"Ignoring unsupported arg: auto_download"}}
[debug] [2022-01-29T16:09:55.298Z] Ignoring unsupported arg: port {"metadata":{"emulator":{"name":"ui"},"message":"Ignoring unsupported arg: port"}}
[debug] [2022-01-29T16:09:55.298Z] Starting Emulator UI with command {"binary":"node","args":["C:\\Users\\karam\\.cache\\firebase\\emulators\\ui-v1.6.4\\server.bundle.js"],"optionalArgs":[],"joinArgs":false} {"metadata":{"emulator":{"name":"ui"},"message":"Starting Emulator UI with command {\"binary\":\"node\",\"args\":[\"C:\\\\Users\\\\karam\\\\.cache\\\\firebase\\\\emulators\\\\ui-v1.6.4\\\\server.bundle.js\"],\"optionalArgs\":[],\"joinArgs\":false}"}}
[info] i  ui: Emulator UI logging to ui-debug.log {"metadata":{"emulator":{"name":"ui"},"message":"Emulator UI logging to \u001b[1mui-debug.log\u001b[22m"}}
[debug] [2022-01-29T16:09:55.564Z] Web / API server started at localhost:4000
 {"metadata":{"emulator":{"name":"ui"},"message":"Web / API server started at localhost:4000\n"}}
[info] i  functions: Watching "C:\Users\karam\Desktop\reactecom\functions" for Cloud Functions... {"metadata":{"emulator":{"name":"functions"},"message":"Watching \"C:\\Users\\karam\\Desktop\\reactecom\\functions\" for Cloud Functions..."}}
[debug] [2022-01-29T16:09:55.602Z] [worker-pool] addWorker(~diagnostic~) {"metadata":{"emulator":{"name":"functions"},"message":"[worker-pool] addWorker(~diagnostic~)"}}
[debug] [2022-01-29T16:09:55.602Z] [worker-pool] Adding worker with key ~diagnostic~, total=1 {"metadata":{"emulator":{"name":"functions"},"message":"[worker-pool] Adding worker with key ~diagnostic~, total=1"}}
[debug] [2022-01-29T16:09:55.602Z] [worker-pool] submitWork(triggerId=) {"metadata":{"emulator":{"name":"functions"},"message":"[worker-pool] submitWork(triggerId=)"}}
[debug] [2022-01-29T16:09:55.602Z] [worker-~diagnostic~-da709fbc-911f-4ed7-90cf-8c0a3abe6bf5]: Assigning socketPath: \\?\pipe\C:\Users\karam\Desktop\reactecom\functions\10776 {"metadata":{"emulator":{"name":"functions"},"message":"[worker-~diagnostic~-da709fbc-911f-4ed7-90cf-8c0a3abe6bf5]: Assigning socketPath: \\\\?\\pipe\\C:\\Users\\karam\\Desktop\\reactecom\\functions\\10776"}}
[debug] [2022-01-29T16:09:55.603Z] [worker-~diagnostic~-da709fbc-911f-4ed7-90cf-8c0a3abe6bf5]: BUSY {"metadata":{"emulator":{"name":"functions"},"message":"[worker-~diagnostic~-da709fbc-911f-4ed7-90cf-8c0a3abe6bf5]: BUSY"}}
[debug] [2022-01-29T16:09:55.887Z] [runtime-status] [10776] Functions runtime initialized. {"cwd":"C:\\Users\\karam\\Desktop\\reactecom\\functions","node_version":"16.13.0"} {"metadata":{"emulator":{"name":"functions"},"message":"[runtime-status] [10776] Functions runtime initialized. {\"cwd\":\"C:\\\\Users\\\\karam\\\\Desktop\\\\reactecom\\\\functions\",\"node_version\":\"16.13.0\"}"}}
[debug] [2022-01-29T16:09:55.888Z] [runtime-status] [10776] Disabled runtime features: undefined {"metadata":{"emulator":{"name":"functions"},"message":"[runtime-status] [10776] Disabled runtime features: undefined"}}
[debug] [2022-01-29T16:09:55.893Z] [runtime-status] [10776] Resolved module firebase-admin {"declared":true,"installed":true,"version":"9.12.0","resolution":"C:\\Users\\karam\\Desktop\\reactecom\\functions\\node_modules\\firebase-admin\\lib\\index.js"} {"metadata":{"emulator":{"name":"functions"},"message":"[runtime-status] [10776] Resolved module firebase-admin {\"declared\":true,\"installed\":true,\"version\":\"9.12.0\",\"resolution\":\"C:\\\\Users\\\\karam\\\\Desktop\\\\reactecom\\\\functions\\\\node_modules\\\\firebase-admin\\\\lib\\\\index.js\"}"}}
[debug] [2022-01-29T16:09:55.897Z] [runtime-status] [10776] Resolved module firebase-functions {"declared":true,"installed":true,"version":"3.16.0","resolution":"C:\\Users\\karam\\Desktop\\reactecom\\functions\\node_modules\\firebase-functions\\lib\\index.js"} {"metadata":{"emulator":{"name":"functions"},"message":"[runtime-status] [10776] Resolved module firebase-functions {\"declared\":true,\"installed\":true,\"version\":\"3.16.0\",\"resolution\":\"C:\\\\Users\\\\karam\\\\Desktop\\\\reactecom\\\\functions\\\\node_modules\\\\firebase-functions\\\\lib\\\\index.js\"}"}}
[debug] [2022-01-29T16:09:55.899Z] [runtime-status] [10776] Outgoing network have been stubbed. [{"name":"http","status":"mocked"},{"name":"http","status":"mocked"},{"name":"https","status":"mocked"},{"name":"https","status":"mocked"},{"name":"net","status":"mocked"}] {"metadata":{"emulator":{"name":"functions"},"message":"[runtime-status] [10776] Outgoing network have been stubbed. [{\"name\":\"http\",\"status\":\"mocked\"},{\"name\":\"http\",\"status\":\"mocked\"},{\"name\":\"https\",\"status\":\"mocked\"},{\"name\":\"https\",\"status\":\"mocked\"},{\"name\":\"net\",\"status\":\"mocked\"}]"}}
[debug] [2022-01-29T16:09:55.901Z] [runtime-status] [10776] Resolved module firebase-functions {"declared":true,"installed":true,"version":"3.16.0","resolution":"C:\\Users\\karam\\Desktop\\reactecom\\functions\\node_modules\\firebase-functions\\lib\\index.js"} {"metadata":{"emulator":{"name":"functions"},"message":"[runtime-status] [10776] Resolved module firebase-functions {\"declared\":true,\"installed\":true,\"version\":\"3.16.0\",\"resolution\":\"C:\\\\Users\\\\karam\\\\Desktop\\\\reactecom\\\\functions\\\\node_modules\\\\firebase-functions\\\\lib\\\\index.js\"}"}}
[debug] [2022-01-29T16:09:55.990Z] [runtime-status] [10776] Checked functions.config() {"config":{}} {"metadata":{"emulator":{"name":"functions"},"message":"[runtime-status] [10776] Checked functions.config() {\"config\":{}}"}}
[debug] [2022-01-29T16:09:55.990Z] [runtime-status] [10776] firebase-functions has been stubbed. {"functionsResolution":{"declared":true,"installed":true,"version":"3.16.0","resolution":"C:\\Users\\karam\\Desktop\\reactecom\\functions\\node_modules\\firebase-functions\\lib\\index.js"}} {"metadata":{"emulator":{"name":"functions"},"message":"[runtime-status] [10776] firebase-functions has been stubbed. {\"functionsResolution\":{\"declared\":true,\"installed\":true,\"version\":\"3.16.0\",\"resolution\":\"C:\\\\Users\\\\karam\\\\Desktop\\\\reactecom\\\\functions\\\\node_modules\\\\firebase-functions\\\\lib\\\\index.js\"}}"}}
[debug] [2022-01-29T16:09:55.991Z] [runtime-status] [10776] Resolved module firebase-functions {"declared":true,"installed":true,"version":"3.16.0","resolution":"C:\\Users\\karam\\Desktop\\reactecom\\functions\\node_modules\\firebase-functions\\lib\\index.js"} {"metadata":{"emulator":{"name":"functions"},"message":"[runtime-status] [10776] Resolved module firebase-functions {\"declared\":true,\"installed\":true,\"version\":\"3.16.0\",\"resolution\":\"C:\\\\Users\\\\karam\\\\Desktop\\\\reactecom\\\\functions\\\\node_modules\\\\firebase-functions\\\\lib\\\\index.js\"}"}}
[debug] [2022-01-29T16:09:55.993Z] [runtime-status] [10776] Resolved module firebase-admin {"declared":true,"installed":true,"version":"9.12.0","resolution":"C:\\Users\\karam\\Desktop\\reactecom\\functions\\node_modules\\firebase-admin\\lib\\index.js"} {"metadata":{"emulator":{"name":"functions"},"message":"[runtime-status] [10776] Resolved module firebase-admin {\"declared\":true,\"installed\":true,\"version\":\"9.12.0\",\"resolution\":\"C:\\\\Users\\\\karam\\\\Desktop\\\\reactecom\\\\functions\\\\node_modules\\\\firebase-admin\\\\lib\\\\index.js\"}"}}
[debug] [2022-01-29T16:09:55.994Z] [runtime-status] [10776] Resolved module firebase-functions {"declared":true,"installed":true,"version":"3.16.0","resolution":"C:\\Users\\karam\\Desktop\\reactecom\\functions\\node_modules\\firebase-functions\\lib\\index.js"} {"metadata":{"emulator":{"name":"functions"},"message":"[runtime-status] [10776] Resolved module firebase-functions {\"declared\":true,\"installed\":true,\"version\":\"3.16.0\",\"resolution\":\"C:\\\\Users\\\\karam\\\\Desktop\\\\reactecom\\\\functions\\\\node_modules\\\\firebase-functions\\\\lib\\\\index.js\"}"}}
[debug] [2022-01-29T16:09:55.994Z] [runtime-status] [10776] firebase-admin has been stubbed. {"adminResolution":{"declared":true,"installed":true,"version":"9.12.0","resolution":"C:\\Users\\karam\\Desktop\\reactecom\\functions\\node_modules\\firebase-admin\\lib\\index.js"}} {"metadata":{"emulator":{"name":"functions"},"message":"[runtime-status] [10776] firebase-admin has been stubbed. {\"adminResolution\":{\"declared\":true,\"installed\":true,\"version\":\"9.12.0\",\"resolution\":\"C:\\\\Users\\\\karam\\\\Desktop\\\\reactecom\\\\functions\\\\node_modules\\\\firebase-admin\\\\lib\\\\index.js\"}}"}}
[info] +  functions[us-central1-api]: http function initialized (http://localhost:5001/ecom-53df9/us-central1/api). {"metadata":{"emulator":{"name":"functions"},"message":"\u001b[1mhttp\u001b[22m function initialized (http://localhost:5001/ecom-53df9/us-central1/api)."}}
[info] 
┌─────────────────────────────────────────────────────────────┐
│ ✔  All emulators ready! It is now safe to connect your app. │
│ i  View Emulator UI at http://localhost:4000                │
└─────────────────────────────────────────────────────────────┘

┌───────────┬────────────────┬─────────────────────────────────┐
│ Emulator  │ Host:Port      │ View in Emulator UI             │
├───────────┼────────────────┼─────────────────────────────────┤
│ Functions │ localhost:5001 │ http://localhost:4000/functions │
└───────────┴────────────────┴─────────────────────────────────┘
  Emulator Hub running at localhost:4400
  Other reserved ports: 4500

Issues? Report them at https://github.com/firebase/firebase-tools/issues and attach the *-debug.log files.
 
[debug] [2022-01-29T16:09:56.327Z] [worker-~diagnostic~-da709fbc-911f-4ed7-90cf-8c0a3abe6bf5]: IDLE {"metadata":{"emulator":{"name":"functions"},"message":"[worker-~diagnostic~-da709fbc-911f-4ed7-90cf-8c0a3abe6bf5]: IDLE"}}
